Build started 1/8/2021 9:25:06 AM.
     1>Project "C:\Users\acer\Desktop\HDT_REPORT\OOP\OOP.vcxproj" on node 2 (Build target(s)).
     1>ClCompile:
         C:\Program Files (x86)\Microsoft Visual Studio 11.0\VC\bin\CL.exe /c /ZI /nologo /W3 /WX- /Od /Oy- /D WIN32 /D _DEBUG /D _CONSOLE /D _UNICODE /D UNICODE /Gm /EHsc /RTC1 /MDd /GS /fp:precise /Zc:wchar_t /Zc:forScope /Fo"Debug\\" /Fd"Debug\vc110.pdb" /Gd /TP /analyze- /errorReport:prompt Contestants.cpp Source.cpp
         Source.cpp
     1>c:\users\acer\desktop\hdt_report\oop\source.cpp(105): warning C4551: function call missing argument list
     1>c:\users\acer\desktop\hdt_report\oop\source.cpp(107): warning C4244: 'return' : conversion from 'time_t' to 'int', possible loss of data
     1>c:\users\acer\desktop\hdt_report\oop\source.cpp(209): warning C4996: 'localtime': This function or variable may be unsafe. Consider using localtime_s instead. To disable deprecation, use _CRT_SECURE_NO_WARNINGS. See online help for details.
                 c:\program files (x86)\microsoft visual studio 11.0\vc\include\time.inl(112) : see declaration of 'localtime'
     1>c:\users\acer\desktop\hdt_report\oop\source.cpp(215): warning C4996: 'asctime': This function or variable may be unsafe. Consider using asctime_s instead. To disable deprecation, use _CRT_SECURE_NO_WARNINGS. See online help for details.
                 c:\program files (x86)\microsoft visual studio 11.0\vc\include\time.h(153) : see declaration of 'asctime'
         Generating Code...
         Compiling...
         Contestants.cpp
     1>c:\users\acer\desktop\hdt_report\oop\contestants.cpp(17): warning C4244: 'argument' : conversion from 'time_t' to 'unsigned int', possible loss of data
         Generating Code...
       Link:
         C:\Program Files (x86)\Microsoft Visual Studio 11.0\VC\bin\link.exe /ERRORREPORT:PROMPT /OUT:"C:\Users\acer\Desktop\HDT_REPORT\Debug\OOP.exe" /INCREMENTAL /NOLOGO kernel32.lib user32.lib gdi32.lib winspool.lib comdlg32.lib advapi32.lib shell32.lib ole32.lib oleaut32.lib uuid.lib odbc32.lib odbccp32.lib /MANIFEST /MANIFESTUAC:"level='asInvoker' uiAccess='false'" /manifest:embed /DEBUG /PDB:"C:\Users\acer\Desktop\HDT_REPORT\Debug\OOP.pdb" /SUBSYSTEM:CONSOLE /TLBID:1 /DYNAMICBASE /NXCOMPAT /IMPLIB:"C:\Users\acer\Desktop\HDT_REPORT\Debug\OOP.lib" /MACHINE:X86 Debug\Contestants.obj
         Debug\Person.obj
         Debug\Question.obj
         Debug\Source.obj
         OOP.vcxproj -> C:\Users\acer\Desktop\HDT_REPORT\Debug\OOP.exe
     1>Done Building Project "C:\Users\acer\Desktop\HDT_REPORT\OOP\OOP.vcxproj" (Build target(s)).

Build succeeded.

Time Elapsed 00:00:03.50
